2019-07-15 16:04:04,921 [Worker-2: Loading available Gradle versions] INFO  o.e.b.c.i.u.g.PublishedGradleVersions - Gradle version information cache is up-to-date. Trying to read.
2019-07-15 16:06:12,941 [Worker-1: Checking out Maven projects] WARN  org.eclipse.jgit.util.FS - C:\Program Files\Git\mingw64\etc\.probe-8f78151c-8dec-4d63-a70e-19898d3dc4b8
java.nio.file.AccessDeniedException: C:\Program Files\Git\mingw64\etc\.probe-8f78151c-8dec-4d63-a70e-19898d3dc4b8
	at sun.nio.fs.WindowsException.translateToIOException(Unknown Source) ~[na:1.8.0_212]
	at sun.nio.fs.WindowsException.rethrowAsIOException(Unknown Source) ~[na:1.8.0_212]
	at sun.nio.fs.WindowsException.rethrowAsIOException(Unknown Source) ~[na:1.8.0_212]
	at sun.nio.fs.WindowsFileSystemProvider.newByteChannel(Unknown Source) ~[na:1.8.0_212]
	at java.nio.file.Files.newByteChannel(Unknown Source) ~[na:1.8.0_212]
	at java.nio.file.Files.createFile(Unknown Source) ~[na:1.8.0_212]
	at org.eclipse.jgit.util.FS$FileStoreAttributeCache.<init>(FS.java:234) ~[org.eclipse.jgit_5.4.0.201906121030-r.jar:5.4.0.201906121030-r]
	at org.eclipse.jgit.util.FS$FileStoreAttributeCache.getFsTimestampResolution(FS.java:211) ~[org.eclipse.jgit_5.4.0.201906121030-r.jar:5.4.0.201906121030-r]
	at org.eclipse.jgit.util.FS.getFsTimerResolution(FS.java:321) [org.eclipse.jgit_5.4.0.201906121030-r.jar:5.4.0.201906121030-r]
	at org.eclipse.jgit.internal.storage.file.FileSnapshot.<init>(FileSnapshot.java:186) [org.eclipse.jgit_5.4.0.201906121030-r.jar:5.4.0.201906121030-r]
	at org.eclipse.jgit.internal.storage.file.FileSnapshot.save(FileSnapshot.java:122) [org.eclipse.jgit_5.4.0.201906121030-r.jar:5.4.0.201906121030-r]
	at org.eclipse.jgit.storage.file.FileBasedConfig.load(FileBasedConfig.java:156) [org.eclipse.jgit_5.4.0.201906121030-r.jar:5.4.0.201906121030-r]
	at org.eclipse.jgit.internal.storage.file.FileRepository.loadSystemConfig(FileRepository.java:245) [org.eclipse.jgit_5.4.0.201906121030-r.jar:5.4.0.201906121030-r]
	at org.eclipse.jgit.internal.storage.file.FileRepository.<init>(FileRepository.java:203) [org.eclipse.jgit_5.4.0.201906121030-r.jar:5.4.0.201906121030-r]
	at org.eclipse.jgit.lib.BaseRepositoryBuilder.build(BaseRepositoryBuilder.java:612) [org.eclipse.jgit_5.4.0.201906121030-r.jar:5.4.0.201906121030-r]
	at org.eclipse.jgit.api.InitCommand.call(InitCommand.java:123) [org.eclipse.jgit_5.4.0.201906121030-r.jar:5.4.0.201906121030-r]
	at org.eclipse.jgit.api.CloneCommand.init(CloneCommand.java:274) [org.eclipse.jgit_5.4.0.201906121030-r.jar:5.4.0.201906121030-r]
	at org.eclipse.jgit.api.CloneCommand.call(CloneCommand.java:195) [org.eclipse.jgit_5.4.0.201906121030-r.jar:5.4.0.201906121030-r]
	at org.eclipse.egit.core.op.CloneOperation.run(CloneOperation.java:180) [org.eclipse.egit.core_5.4.0.201906121030-r.jar:na]
	at org.sonatype.m2e.egit.internal.EgitScmHandler.checkoutProject(EgitScmHandler.java:58) [org.sonatype.m2e.egit_0.15.1.201806191431.jar:na]
	at org.eclipse.m2e.scm.MavenCheckoutOperation.run(MavenCheckoutOperation.java:98) [org.eclipse.m2e.scm_1.12.0.20190628-1134.jar:na]
	at org.eclipse.m2e.scm.internal.wizards.MavenProjectCheckoutJob.runInWorkspace(MavenProjectCheckoutJob.java:108) [org.eclipse.m2e.scm_1.12.0.20190628-1134.jar:na]
	at org.eclipse.core.internal.resources.InternalWorkspaceJob.run(InternalWorkspaceJob.java:42) [org.eclipse.core.resources_3.13.400.v20190505-1655.jar:na]
	at org.eclipse.core.internal.jobs.Worker.run(Worker.java:63) [org.eclipse.core.jobs_3.10.400.v20190506-1457.jar:na]
2019-07-15 16:06:15,979 [Worker-1: Checking out Maven projects] INFO  o.e.m.c.i.p.ProjectConfigurationManager - Collecting project info '/pom.xml' C:\Users\anchal.mathur\Documents\workspace-spring-tool-suite-4-4.3.1.RELEASE\user-service-dev\maven.1563186972796\pom.xml
2019-07-15 16:06:17,244 [Worker-1: Importing Maven projects] INFO  o.e.m.c.i.l.LifecycleMappingFactory - Using org.eclipse.m2e.jdt.JarLifecycleMapping lifecycle mapping for MavenProject: com.sms:user-service:0.0.1-SNAPSHOT @ C:\Users\anchal.mathur\Documents\workspace-spring-tool-suite-4-4.3.1.RELEASE\user-service-dev\user-service\pom.xml.
2019-07-15 16:06:19,438 [Worker-1: Importing Maven projects] INFO  o.e.m.j.i.AbstractJavaProjectConfigurator - Adding source folder /user-service/src/main/java
2019-07-15 16:06:19,438 [Worker-1: Importing Maven projects] INFO  o.e.m.j.i.AbstractJavaProjectConfigurator - Adding resource folder /user-service/src/main/resources
2019-07-15 16:06:19,451 [Worker-1: Importing Maven projects] INFO  o.e.m.j.i.AbstractJavaProjectConfigurator - Adding resource folder /user-service/src/main/resources
2019-07-15 16:06:19,461 [Worker-1: Importing Maven projects] INFO  o.e.m.j.i.AbstractJavaProjectConfigurator - Adding source folder /user-service/src/test/java
2019-07-15 16:06:20,389 [Worker-1: Importing Maven projects] INFO  o.e.m.c.i.p.ProjectConfigurationManager - Imported and configured 1 project(s) in 4 sec
2019-07-15 16:06:22,536 [Worker-11: Building workspace] INFO  o.e.m.c.i.embedder.EclipseLogger - Using 'UTF-8' encoding to copy filtered resources.
2019-07-15 16:06:22,540 [Worker-11: Building workspace] INFO  o.e.m.c.i.embedder.EclipseLogger - Copying 1 resource
2019-07-15 16:06:22,551 [Worker-11: Building workspace] INFO  o.e.m.c.i.embedder.EclipseLogger - Copying 0 resource
2019-07-15 16:06:22,554 [Worker-11: Building workspace] INFO  o.e.m.c.i.embedder.EclipseLogger - Using 'UTF-8' encoding to copy filtered resources.
2019-07-15 16:06:22,554 [Worker-11: Building workspace] INFO  o.e.m.c.i.embedder.EclipseLogger - skip non existing resourceDirectory C:\Users\anchal.mathur\Documents\workspace-spring-tool-suite-4-4.3.1.RELEASE\user-service-dev\user-service\src\test\resources
